c:\users\lcy07\documents\2026\grim\grimgitrepo\과제1\mfcpretask\mfcpretask\x64\debug\mfcpretask.pch
c:\users\lcy07\documents\2026\grim\grimgitrepo\과제1\mfcpretask\mfcpretask\x64\debug\vc143.pdb
c:\users\lcy07\documents\2026\grim\grimgitrepo\과제1\mfcpretask\mfcpretask\x64\debug\vc143.idb
c:\users\lcy07\documents\2026\grim\grimgitrepo\과제1\mfcpretask\mfcpretask\x64\debug\pch.obj
c:\users\lcy07\documents\2026\grim\grimgitrepo\과제1\mfcpretask\mfcpretask\x64\debug\mfcpretaskdlg.obj
c:\users\lcy07\documents\2026\grim\grimgitrepo\과제1\mfcpretask\mfcpretask\x64\debug\mfcpretask.obj
c:\users\lcy07\documents\2026\grim\grimgitrepo\과제1\mfcpretask\mfcpretask\x64\debug\ccanvasctrl.obj
c:\users\lcy07\documents\2026\grim\grimgitrepo\과제1\mfcpretask\mfcpretask\x64\debug\cassignment.obj
c:\users\lcy07\documents\2026\grim\grimgitrepo\과제1\mfcpretask\x64\debug\mfcpretask.exe
c:\users\lcy07\documents\2026\grim\grimgitrepo\과제1\mfcpretask\x64\debug\mfcpretask.pdb
c:\users\lcy07\documents\2026\grim\grimgitrepo\과제1\mfcpretask\mfcpretask\x64\debug\mfcpretask.res
c:\users\lcy07\documents\2026\grim\grimgitrepo\과제1\mfcpretask\mfcpretask\x64\debug\mfcpretask.ilk
c:\users\lcy07\documents\2026\grim\grimgitrepo\과제1\mfcpretask\mfcpretask\x64\debug\mfcpretask.tlog\cl.command.1.tlog
c:\users\lcy07\documents\2026\grim\grimgitrepo\과제1\mfcpretask\mfcpretask\x64\debug\mfcpretask.tlog\cl.items.tlog
c:\users\lcy07\documents\2026\grim\grimgitrepo\과제1\mfcpretask\mfcpretask\x64\debug\mfcpretask.tlog\cl.read.1.tlog
c:\users\lcy07\documents\2026\grim\grimgitrepo\과제1\mfcpretask\mfcpretask\x64\debug\mfcpretask.tlog\cl.write.1.tlog
c:\users\lcy07\documents\2026\grim\grimgitrepo\과제1\mfcpretask\mfcpretask\x64\debug\mfcpretask.tlog\link.command.1.tlog
c:\users\lcy07\documents\2026\grim\grimgitrepo\과제1\mfcpretask\mfcpretask\x64\debug\mfcpretask.tlog\link.read.1.tlog
c:\users\lcy07\documents\2026\grim\grimgitrepo\과제1\mfcpretask\mfcpretask\x64\debug\mfcpretask.tlog\link.secondary.1.tlog
c:\users\lcy07\documents\2026\grim\grimgitrepo\과제1\mfcpretask\mfcpretask\x64\debug\mfcpretask.tlog\link.write.1.tlog
c:\users\lcy07\documents\2026\grim\grimgitrepo\과제1\mfcpretask\mfcpretask\x64\debug\mfcpretask.tlog\rc.command.1.tlog
c:\users\lcy07\documents\2026\grim\grimgitrepo\과제1\mfcpretask\mfcpretask\x64\debug\mfcpretask.tlog\rc.read.1.tlog
c:\users\lcy07\documents\2026\grim\grimgitrepo\과제1\mfcpretask\mfcpretask\x64\debug\mfcpretask.tlog\rc.write.1.tlog
